<html>
<head>
<title>TestNG:  Tests</title>
<link href="../testng.css" rel="stylesheet" type="text/css" />
<link href="../my-testng.css" rel="stylesheet" type="text/css" />

<style type="text/css">
.log { display: none;} 
.stack-trace { display: none;} 
</style>
<script type="text/javascript">
<!--
function flip(e) {
  current = e.style.display;
  if (current == 'block') {
    e.style.display = 'none';
    return 0;
  }
  else {
    e.style.display = 'block';
    return 1;
  }
}

function toggleBox(szDivId, elem, msg1, msg2)
{
  var res = -1;  if (document.getElementById) {
    res = flip(document.getElementById(szDivId));
  }
  else if (document.all) {
    // this is the way old msie versions work
    res = flip(document.all[szDivId]);
  }
  if(elem) {
    if(res == 0) elem.innerHTML = msg1; else elem.innerHTML = msg2;
  }

}

function toggleAllBoxes() {
  if (document.getElementsByTagName) {
    d = document.getElementsByTagName('div');
    for (i = 0; i < d.length; i++) {
      if (d[i].className == 'log') {
        flip(d[i]);
      }
    }
  }
}

// -->
</script>

</head>
<body>
<h2 align='center'>Tests</h2><table border='1' align="center">
<tr>
<td>Tests passed/Failed/Skipped:</td><td>10/2/0</td>
</tr><tr>
<td>Started on:</td><td>Sat Sep 29 02:05:11 EET 2018</td>
</tr>
<tr><td>Total time:</td><td>210 seconds (210990 ms)</td>
</tr><tr>
<td>Included groups:</td><td></td>
</tr><tr>
<td>Excluded groups:</td><td></td>
</tr>
</table><p/>
<small><i>(Hover the method name to see the test class name)</i></small><p/>
<table width='100%' border='1' class='invocation-failed'>
<tr><td colspan='4' align='center'><b>FAILED TESTS</b></td></tr>
<tr><td><b>Test method</b></td>
<td width="30%"><b>Exception</b></td>
<td width="10%"><b>Time (seconds)</b></td>
<td><b>Instance</b></td>
</tr>
<tr>
<td title='com.mobiquityinc.cafetownsend.tests.DeleteEmployeesTests.shouldDeleteAnExistingEmployeeFromHomePage()'><b>shouldDeleteAnExistingEmployeeFromHomePage</b><br>Test class: com.mobiquityinc.cafetownsend.tests.DeleteEmployeesTests</td>
<td><div><pre>java.lang.AssertionError: The employee is not deleted successfully expected [327] but found [326]
	at com.mobiquityinc.cafetownsend.tests.DeleteEmployeesTests.shouldDeleteAnExistingEmployeeFromHomePage(DeleteEmployeesTests.java:39)
... Removed 34 stack frames</pre></div><a href='#' onClick='toggleBox("stack-trace1682681674", this, "Click to show all stack frames", "Click to hide stack frames")'>Click to show all stack frames</a>
<div class='stack-trace' id='stack-trace1682681674'><pre>java.lang.AssertionError: The employee is not deleted successfully expected [327] but found [326]
	at org.testng.Assert.fail(Assert.java:96)
	at org.testng.Assert.failNotEquals(Assert.java:776)
	at org.testng.Assert.assertEqualsImpl(Assert.java:137)
	at org.testng.Assert.assertEquals(Assert.java:118)
	at org.testng.Assert.assertEquals(Assert.java:652)
	at com.mobiquityinc.cafetownsend.tests.DeleteEmployeesTests.shouldDeleteAnExistingEmployeeFromHomePage(DeleteEmployeesTests.java:39)
	at sun.reflect.NativeMethodAccessorImpl.invoke0(Native Method)
	at sun.reflect.NativeMethodAccessorImpl.invoke(NativeMethodAccessorImpl.java:62)
	at sun.reflect.DelegatingMethodAccessorImpl.invoke(DelegatingMethodAccessorImpl.java:43)
	at java.lang.reflect.Method.invoke(Method.java:498)
	at org.testng.internal.MethodInvocationHelper.invokeMethod(MethodInvocationHelper.java:124)
	at org.testng.internal.Invoker.invokeMethod(Invoker.java:571)
	at org.testng.internal.Invoker.invokeTestMethod(Invoker.java:707)
	at org.testng.internal.Invoker.invokeTestMethods(Invoker.java:979)
	at org.testng.internal.TestMethodWorker.invokeTestMethods(TestMethodWorker.java:125)
	at org.testng.internal.TestMethodWorker.run(TestMethodWorker.java:109)
	at org.testng.TestRunner.privateRun(TestRunner.java:648)
	at org.testng.TestRunner.run(TestRunner.java:505)
	at org.testng.SuiteRunner.runTest(SuiteRunner.java:455)
	at org.testng.SuiteRunner.runSequentially(SuiteRunner.java:450)
	at org.testng.SuiteRunner.privateRun(SuiteRunner.java:415)
	at org.testng.SuiteRunner.run(SuiteRunner.java:364)
	at org.testng.SuiteRunnerWorker.runSuite(SuiteRunnerWorker.java:52)
	at org.testng.SuiteRunnerWorker.run(SuiteRunnerWorker.java:84)
	at org.testng.TestNG.runSuitesSequentially(TestNG.java:1187)
	at org.testng.TestNG.runSuitesLocally(TestNG.java:1116)
	at org.testng.TestNG.runSuites(TestNG.java:1028)
	at org.testng.TestNG.run(TestNG.java:996)
	at org.apache.maven.surefire.testng.TestNGExecutor.run(TestNGExecutor.java:283)
	at org.apache.maven.surefire.testng.TestNGXmlTestSuite.execute(TestNGXmlTestSuite.java:75)
	at org.apache.maven.surefire.testng.TestNGProvider.invoke(TestNGProvider.java:120)
	at org.apache.maven.surefire.booter.ForkedBooter.invokeProviderInSameClassLoader(ForkedBooter.java:383)
	at org.apache.maven.surefire.booter.ForkedBooter.runSuitesInProcess(ForkedBooter.java:344)
	at org.apache.maven.surefire.booter.ForkedBooter.execute(ForkedBooter.java:125)
	at org.apache.maven.surefire.booter.ForkedBooter.main(ForkedBooter.java:417)
</pre></div></td>
<td>12</td>
<td>com.mobiquityinc.cafetownsend.tests.DeleteEmployeesTests@6537cf78</td></tr>
<tr>
<td title='com.mobiquityinc.cafetownsend.tests.EditEmployeesTests.shouldnotUpdateEmployeesWithInvalidStartDate()'><b>shouldnotUpdateEmployeesWithInvalidStartDate</b><br>Test class: com.mobiquityinc.cafetownsend.tests.EditEmployeesTests</td>
<td><div><pre>org.openqa.selenium.TimeoutException: Expected condition failed: waiting for alert to be present (tried for 40 second(s) with 500 milliseconds interval)
Build info: version: &apos;3.11.0&apos;, revision: &apos;e59cfb3&apos;, time: &apos;2018-03-11T20:26:55.152Z&apos;
System info: host: &apos;KROSHDY-LT-9852&apos;, ip: &apos;192.168.1.2&apos;, os.name: &apos;Windows 10&apos;, os.arch: &apos;amd64&apos;, os.version: &apos;10.0&apos;, java.version: &apos;1.8.0_161&apos;
Driver info: org.openqa.selenium.chrome.ChromeDriver
Capabilities {acceptInsecureCerts: false, acceptSslCerts: false, applicationCacheEnabled: false, browserConnectionEnabled: false, browserName: chrome, chrome: {chromedriverVersion: 2.36.540470 (e522d04694c7eb..., userDataDir: C:\Users\KHALED~1.ROU\AppDa...}, cssSelectorsEnabled: true, databaseEnabled: false, handlesAlerts: true, hasTouchScreen: false, javascriptEnabled: true, locationContextEnabled: true, mobileEmulationEnabled: false, nativeEvents: true, networkConnectionEnabled: false, pageLoadStrategy: normal, platform: XP, platformName: XP, rotatable: false, setWindowRect: true, takesHeapSnapshot: true, takesScreenshot: true, unexpectedAlertBehaviour: , unhandledPromptBehavior: , version: 69.0.3497.100, webStorageEnabled: true}
Session ID: 0be17e53e7fe07d4c8aaaf0674486c37
	at org.openqa.selenium.support.ui.WebDriverWait.timeoutException(WebDriverWait.java:81)
	at org.openqa.selenium.support.ui.FluentWait.until(FluentWait.java:271)
	at com.mobiquityinc.cafetownsend.utilities.Utilities.isAlertApperared(Utilities.java:44)
	at com.mobiquityinc.cafetownsend.pages.EditEmployeePage.getAlertText(EditEmployeePage.java:81)
	at com.mobiquityinc.cafetownsend.tests.EditEmployeesTests.shouldnotUpdateEmployeesWithInvalidStartDate(EditEmployeesTests.java:53)
... Removed 29 stack frames</pre></div><a href='#' onClick='toggleBox("stack-trace1042790962", this, "Click to show all stack frames", "Click to hide stack frames")'>Click to show all stack frames</a>
<div class='stack-trace' id='stack-trace1042790962'><pre>org.openqa.selenium.TimeoutException: Expected condition failed: waiting for alert to be present (tried for 40 second(s) with 500 milliseconds interval)
Build info: version: &apos;3.11.0&apos;, revision: &apos;e59cfb3&apos;, time: &apos;2018-03-11T20:26:55.152Z&apos;
System info: host: &apos;KROSHDY-LT-9852&apos;, ip: &apos;192.168.1.2&apos;, os.name: &apos;Windows 10&apos;, os.arch: &apos;amd64&apos;, os.version: &apos;10.0&apos;, java.version: &apos;1.8.0_161&apos;
Driver info: org.openqa.selenium.chrome.ChromeDriver
Capabilities {acceptInsecureCerts: false, acceptSslCerts: false, applicationCacheEnabled: false, browserConnectionEnabled: false, browserName: chrome, chrome: {chromedriverVersion: 2.36.540470 (e522d04694c7eb..., userDataDir: C:\Users\KHALED~1.ROU\AppDa...}, cssSelectorsEnabled: true, databaseEnabled: false, handlesAlerts: true, hasTouchScreen: false, javascriptEnabled: true, locationContextEnabled: true, mobileEmulationEnabled: false, nativeEvents: true, networkConnectionEnabled: false, pageLoadStrategy: normal, platform: XP, platformName: XP, rotatable: false, setWindowRect: true, takesHeapSnapshot: true, takesScreenshot: true, unexpectedAlertBehaviour: , unhandledPromptBehavior: , version: 69.0.3497.100, webStorageEnabled: true}
Session ID: 0be17e53e7fe07d4c8aaaf0674486c37
	at org.openqa.selenium.support.ui.WebDriverWait.timeoutException(WebDriverWait.java:81)
	at org.openqa.selenium.support.ui.FluentWait.until(FluentWait.java:271)
	at com.mobiquityinc.cafetownsend.utilities.Utilities.isAlertApperared(Utilities.java:44)
	at com.mobiquityinc.cafetownsend.pages.EditEmployeePage.getAlertText(EditEmployeePage.java:81)
	at com.mobiquityinc.cafetownsend.tests.EditEmployeesTests.shouldnotUpdateEmployeesWithInvalidStartDate(EditEmployeesTests.java:53)
	at sun.reflect.NativeMethodAccessorImpl.invoke0(Native Method)
	at sun.reflect.NativeMethodAccessorImpl.invoke(NativeMethodAccessorImpl.java:62)
	at sun.reflect.DelegatingMethodAccessorImpl.invoke(DelegatingMethodAccessorImpl.java:43)
	at java.lang.reflect.Method.invoke(Method.java:498)
	at org.testng.internal.MethodInvocationHelper.invokeMethod(MethodInvocationHelper.java:124)
	at org.testng.internal.Invoker.invokeMethod(Invoker.java:571)
	at org.testng.internal.Invoker.invokeTestMethod(Invoker.java:707)
	at org.testng.internal.Invoker.invokeTestMethods(Invoker.java:979)
	at org.testng.internal.TestMethodWorker.invokeTestMethods(TestMethodWorker.java:125)
	at org.testng.internal.TestMethodWorker.run(TestMethodWorker.java:109)
	at org.testng.TestRunner.privateRun(TestRunner.java:648)
	at org.testng.TestRunner.run(TestRunner.java:505)
	at org.testng.SuiteRunner.runTest(SuiteRunner.java:455)
	at org.testng.SuiteRunner.runSequentially(SuiteRunner.java:450)
	at org.testng.SuiteRunner.privateRun(SuiteRunner.java:415)
	at org.testng.SuiteRunner.run(SuiteRunner.java:364)
	at org.testng.SuiteRunnerWorker.runSuite(SuiteRunnerWorker.java:52)
	at org.testng.SuiteRunnerWorker.run(SuiteRunnerWorker.java:84)
	at org.testng.TestNG.runSuitesSequentially(TestNG.java:1187)
	at org.testng.TestNG.runSuitesLocally(TestNG.java:1116)
	at org.testng.TestNG.runSuites(TestNG.java:1028)
	at org.testng.TestNG.run(TestNG.java:996)
	at org.apache.maven.surefire.testng.TestNGExecutor.run(TestNGExecutor.java:283)
	at org.apache.maven.surefire.testng.TestNGXmlTestSuite.execute(TestNGXmlTestSuite.java:75)
	at org.apache.maven.surefire.testng.TestNGProvider.invoke(TestNGProvider.java:120)
	at org.apache.maven.surefire.booter.ForkedBooter.invokeProviderInSameClassLoader(ForkedBooter.java:383)
	at org.apache.maven.surefire.booter.ForkedBooter.runSuitesInProcess(ForkedBooter.java:344)
	at org.apache.maven.surefire.booter.ForkedBooter.execute(ForkedBooter.java:125)
	at org.apache.maven.surefire.booter.ForkedBooter.main(ForkedBooter.java:417)
</pre></div></td>
<td>43</td>
<td>com.mobiquityinc.cafetownsend.tests.EditEmployeesTests@67b6d4ae</td></tr>
</table><p>
<table width='100%' border='1' class='invocation-passed'>
<tr><td colspan='4' align='center'><b>PASSED TESTS</b></td></tr>
<tr><td><b>Test method</b></td>
<td width="30%"><b>Exception</b></td>
<td width="10%"><b>Time (seconds)</b></td>
<td><b>Instance</b></td>
</tr>
<tr>
<td title='com.mobiquityinc.cafetownsend.tests.CreateEmployeesTests.shouldCancelAddingNewEmployee()'><b>shouldCancelAddingNewEmployee</b><br>Test class: com.mobiquityinc.cafetownsend.tests.CreateEmployeesTests</td>
<td></td>
<td>15</td>
<td>com.mobiquityinc.cafetownsend.tests.CreateEmployeesTests@617c74e5</td></tr>
<tr>
<td title='com.mobiquityinc.cafetownsend.tests.CreateEmployeesTests.shouldCreateNewEmployeeSuccessfully()'><b>shouldCreateNewEmployeeSuccessfully</b><br>Test class: com.mobiquityinc.cafetownsend.tests.CreateEmployeesTests</td>
<td></td>
<td>12</td>
<td>com.mobiquityinc.cafetownsend.tests.CreateEmployeesTests@617c74e5</td></tr>
<tr>
<td title='com.mobiquityinc.cafetownsend.tests.DeleteEmployeesTests.shouldDeleteAnExistingEmployeeFromEditingAnEmployee()'><b>shouldDeleteAnExistingEmployeeFromEditingAnEmployee</b><br>Test class: com.mobiquityinc.cafetownsend.tests.DeleteEmployeesTests</td>
<td></td>
<td>17</td>
<td>com.mobiquityinc.cafetownsend.tests.DeleteEmployeesTests@6537cf78</td></tr>
<tr>
<td title='com.mobiquityinc.cafetownsend.tests.LoginTests.shouldLoginWithValidCredentials()'><b>shouldLoginWithValidCredentials</b><br>Test class: com.mobiquityinc.cafetownsend.tests.LoginTests</td>
<td></td>
<td>0</td>
<td>com.mobiquityinc.cafetownsend.tests.LoginTests@366e2eef</td></tr>
<tr>
<td title='com.mobiquityinc.cafetownsend.tests.LogoutTests.shouldLogoutSuccessfully()'><b>shouldLogoutSuccessfully</b><br>Test class: com.mobiquityinc.cafetownsend.tests.LogoutTests</td>
<td></td>
<td>0</td>
<td>com.mobiquityinc.cafetownsend.tests.LogoutTests@6df97b55</td></tr>
<tr>
<td title='com.mobiquityinc.cafetownsend.tests.LoginTests.shouldNotLoginWithInvalidCredentials()'><b>shouldNotLoginWithInvalidCredentials</b><br>Test class: com.mobiquityinc.cafetownsend.tests.LoginTests</td>
<td></td>
<td>0</td>
<td>com.mobiquityinc.cafetownsend.tests.LoginTests@366e2eef</td></tr>
<tr>
<td title='com.mobiquityinc.cafetownsend.tests.EmployeesDataTests.shouldTheApplicationGoToHomePageAfterSelectingBackButton()'><b>shouldTheApplicationGoToHomePageAfterSelectingBackButton</b><br>Test class: com.mobiquityinc.cafetownsend.tests.EmployeesDataTests</td>
<td></td>
<td>8</td>
<td>com.mobiquityinc.cafetownsend.tests.EmployeesDataTests@34b7bfc0</td></tr>
<tr>
<td title='com.mobiquityinc.cafetownsend.tests.EmployeesDataTests.shouldTheDataOfTheEmployeeIsShownCorrectly()'><b>shouldTheDataOfTheEmployeeIsShownCorrectly</b><br>Test class: com.mobiquityinc.cafetownsend.tests.EmployeesDataTests</td>
<td></td>
<td>2</td>
<td>com.mobiquityinc.cafetownsend.tests.EmployeesDataTests@34b7bfc0</td></tr>
<tr>
<td title='com.mobiquityinc.cafetownsend.tests.EditEmployeesTests.shouldUpdateEmployeesDataSuccessfully()'><b>shouldUpdateEmployeesDataSuccessfully</b><br>Test class: com.mobiquityinc.cafetownsend.tests.EditEmployeesTests</td>
<td></td>
<td>11</td>
<td>com.mobiquityinc.cafetownsend.tests.EditEmployeesTests@67b6d4ae</td></tr>
<tr>
<td title='com.mobiquityinc.cafetownsend.tests.CreateEmployeesTests.shouldnotAddEmployeeWithInvalidDateFormat()'><b>shouldnotAddEmployeeWithInvalidDateFormat</b><br>Test class: com.mobiquityinc.cafetownsend.tests.CreateEmployeesTests</td>
<td></td>
<td>2</td>
<td>com.mobiquityinc.cafetownsend.tests.CreateEmployeesTests@617c74e5</td></tr>
</table><p>
</body>
</html>