<?xml version="1.0" encoding="UTF-8"?>
<!-- Generated by org.testng.reporters.JUnitXMLReporter -->
<testsuite hostname="Kroshdy-LT-9852" ignored="0" name="Tests" tests="12" failures="2" timestamp="29 Sep 2018 00:08:42 GMT" time="210.99" errors="0">
  <testcase name="shouldCancelAddingNewEmployee" time="15.522" classname="com.mobiquityinc.cafetownsend.tests.CreateEmployeesTests"/>
  <testcase name="shouldCreateNewEmployeeSuccessfully" time="12.341" classname="com.mobiquityinc.cafetownsend.tests.CreateEmployeesTests"/>
  <testcase name="shouldnotAddEmployeeWithInvalidDateFormat" time="2.629" classname="com.mobiquityinc.cafetownsend.tests.CreateEmployeesTests"/>
  <testcase name="shouldDeleteAnExistingEmployeeFromEditingAnEmployee" time="17.637" classname="com.mobiquityinc.cafetownsend.tests.DeleteEmployeesTests"/>
  <testcase name="shouldDeleteAnExistingEmployeeFromHomePage" time="12.426" classname="com.mobiquityinc.cafetownsend.tests.DeleteEmployeesTests">
    <failure type="java.lang.AssertionError" message="The employee is not deleted successfully expected [327] but found [326]">
      <![CDATA[java.lang.AssertionError: The employee is not deleted successfully expected [327] but found [326]at com.mobiquityinc.cafetownsend.tests.DeleteEmployeesTests.shouldDeleteAnExistingEmployeeFromHomePage(DeleteEmployeesTests.java:39)... Removed 34 stack frames]]>
    </failure>
  </testcase> <!-- shouldDeleteAnExistingEmployeeFromHomePage -->
  <testcase name="shouldUpdateEmployeesDataSuccessfully" time="11.289" classname="com.mobiquityinc.cafetownsend.tests.EditEmployeesTests"/>
  <testcase name="shouldnotUpdateEmployeesWithInvalidStartDate" time="43.323" classname="com.mobiquityinc.cafetownsend.tests.EditEmployeesTests">
    <failure type="org.openqa.selenium.TimeoutException" message="Expected condition failed: waiting for alert to be present (tried for 40 second(s) with 500 milliseconds interval)
Build info: version: &amp;apos;3.11.0&amp;apos;, revision: &amp;apos;e59cfb3&amp;apos;, time: &amp;apos;2018-03-11T20:26:55.152Z&amp;apos;
System info: host: &amp;apos;KROSHDY-LT-9852&amp;apos;, ip: &amp;apos;192.168.1.2&amp;apos;, os.name: &amp;apos;Windows 10&amp;apos;, os.arch: &amp;apos;amd64&amp;apos;, os.version: &amp;apos;10.0&amp;apos;, java.version: &amp;apos;1.8.0_161&amp;apos;
Driver info: org.openqa.selenium.chrome.ChromeDriver
Capabilities {acceptInsecureCerts: false, acceptSslCerts: false, applicationCacheEnabled: false, browserConnectionEnabled: false, browserName: chrome, chrome: {chromedriverVersion: 2.36.540470 (e522d04694c7eb..., userDataDir: C:\Users\KHALED~1.ROU\AppDa...}, cssSelectorsEnabled: true, databaseEnabled: false, handlesAlerts: true, hasTouchScreen: false, javascriptEnabled: true, locationContextEnabled: true, mobileEmulationEnabled: false, nativeEvents: true, networkConnectionEnabled: false, pageLoadStrategy: normal, platform: XP, platformName: XP, rotatable: false, setWindowRect: true, takesHeapSnapshot: true, takesScreenshot: true, unexpectedAlertBehaviour: , unhandledPromptBehavior: , version: 69.0.3497.100, webStorageEnabled: true}
Session ID: 0be17e53e7fe07d4c8aaaf0674486c37">
      <![CDATA[org.openqa.selenium.TimeoutException: Expected condition failed: waiting for alert to be present (tried for 40 second(s) with 500 milliseconds interval)Build info: version: '3.11.0', revision: 'e59cfb3', time: '2018-03-11T20:26:55.152Z'System info: host: 'KROSHDY-LT-9852', ip: '192.168.1.2', os.name: 'Windows 10', os.arch: 'amd64', os.version: '10.0', java.version: '1.8.0_161'Driver info: org.openqa.selenium.chrome.ChromeDriverCapabilities {acceptInsecureCerts: false, acceptSslCerts: false, applicationCacheEnabled: false, browserConnectionEnabled: false, browserName: chrome, chrome: {chromedriverVersion: 2.36.540470 (e522d04694c7eb..., userDataDir: C:\Users\KHALED~1.ROU\AppDa...}, cssSelectorsEnabled: true, databaseEnabled: false, handlesAlerts: true, hasTouchScreen: false, javascriptEnabled: true, locationContextEnabled: true, mobileEmulationEnabled: false, nativeEvents: true, networkConnectionEnabled: false, pageLoadStrategy: normal, platform: XP, platformName: XP, rotatable: false, setWindowRect: true, takesHeapSnapshot: true, takesScreenshot: true, unexpectedAlertBehaviour: , unhandledPromptBehavior: , version: 69.0.3497.100, webStorageEnabled: true}Session ID: 0be17e53e7fe07d4c8aaaf0674486c37at org.openqa.selenium.support.ui.WebDriverWait.timeoutException(WebDriverWait.java:81)at org.openqa.selenium.support.ui.FluentWait.until(FluentWait.java:271)at com.mobiquityinc.cafetownsend.utilities.Utilities.isAlertApperared(Utilities.java:44)at com.mobiquityinc.cafetownsend.pages.EditEmployeePage.getAlertText(EditEmployeePage.java:81)at com.mobiquityinc.cafetownsend.tests.EditEmployeesTests.shouldnotUpdateEmployeesWithInvalidStartDate(EditEmployeesTests.java:53)... Removed 29 stack frames]]>
    </failure>
  </testcase> <!-- shouldnotUpdateEmployeesWithInvalidStartDate -->
  <testcase name="shouldTheApplicationGoToHomePageAfterSelectingBackButton" time="8.913" classname="com.mobiquityinc.cafetownsend.tests.EmployeesDataTests"/>
  <testcase name="shouldTheDataOfTheEmployeeIsShownCorrectly" time="2.254" classname="com.mobiquityinc.cafetownsend.tests.EmployeesDataTests"/>
  <testcase name="shouldLoginWithValidCredentials" time="0.464" classname="com.mobiquityinc.cafetownsend.tests.LoginTests"/>
  <testcase name="shouldNotLoginWithInvalidCredentials" time="0.838" classname="com.mobiquityinc.cafetownsend.tests.LoginTests"/>
  <testcase name="shouldLogoutSuccessfully" time="0.403" classname="com.mobiquityinc.cafetownsend.tests.LogoutTests"/>
</testsuite> <!-- Tests -->
